<?xml version="1.0" encoding="UTF-8"?>
<testng-results skipped="0" failed="0" ignored="0" total="1" passed="1">
  <reporter-output>
  </reporter-output>
  <suite name="Surefire suite" duration-ms="14594" started-at="2020-02-09T08:55:10Z" finished-at="2020-02-09T08:55:24Z">
    <groups>
    </groups>
    <test name="Surefire test" duration-ms="14594" started-at="2020-02-09T08:55:10Z" finished-at="2020-02-09T08:55:24Z">
      <class name="com.e_bank.qa.testpages.LoginPageTest">
        <test-method status="PASS" signature="setup()[pri:0, instance:com.e_bank.qa.testpages.LoginPageTest@174d20a]" name="setup" is-config="true" duration-ms="11647" started-at="2020-02-09T08:55:10Z" finished-at="2020-02-09T08:55:21Z">
          <reporter-output>
          </reporter-output>
        </test-method> <!-- setup -->
        <test-method status="PASS" signature="loginTest()[pri:0, instance:com.e_bank.qa.testpages.LoginPageTest@174d20a]" name="loginTest" duration-ms="2027" started-at="2020-02-09T08:55:21Z" finished-at="2020-02-09T08:55:23Z">
          <reporter-output>
          </reporter-output>
        </test-method> <!-- loginTest -->
        <test-method status="PASS" signature="teardown()[pri:0, instance:com.e_bank.qa.testpages.LoginPageTest@174d20a]" name="teardown" is-config="true" duration-ms="880" started-at="2020-02-09T08:55:23Z" finished-at="2020-02-09T08:55:24Z">
          <reporter-output>
          </reporter-output>
        </test-method> <!-- teardown -->
      </class> <!-- com.e_bank.qa.testpages.LoginPageTest -->
    </test> <!-- Surefire test -->
  </suite> <!-- Surefire suite -->
</testng-results>
