<?xml version="1.0" encoding="UTF-8"?>
<testng-results skipped="0" failed="0" ignored="0" total="1" passed="1">
  <reporter-output>
  </reporter-output>
  <suite name="Suite" duration-ms="18793" started-at="2020-02-15T11:53:47Z" finished-at="2020-02-15T11:54:06Z">
    <groups>
    </groups>
    <test name="Test" duration-ms="18793" started-at="2020-02-15T11:53:47Z" finished-at="2020-02-15T11:54:06Z">
      <class name="com.e_bank.qa.testpages.LoginPageTest">
        <test-method status="PASS" signature="setup()[pri:0, instance:com.e_bank.qa.testpages.LoginPageTest@5bcab519]" name="setup" is-config="true" duration-ms="14072" started-at="2020-02-15T11:53:48Z" finished-at="2020-02-15T11:54:02Z">
          <reporter-output>
          </reporter-output>
        </test-method> <!-- setup -->
        <test-method status="PASS" signature="loginTest()[pri:0, instance:com.e_bank.qa.testpages.LoginPageTest@5bcab519]" name="loginTest" duration-ms="2706" started-at="2020-02-15T11:54:02Z" finished-at="2020-02-15T11:54:05Z">
          <reporter-output>
          </reporter-output>
        </test-method> <!-- loginTest -->
        <test-method status="PASS" signature="teardown()[pri:0, instance:com.e_bank.qa.testpages.LoginPageTest@5bcab519]" name="teardown" is-config="true" duration-ms="905" started-at="2020-02-15T11:54:05Z" finished-at="2020-02-15T11:54:06Z">
          <reporter-output>
          </reporter-output>
        </test-method> <!-- teardown -->
      </class> <!-- com.e_bank.qa.testpages.LoginPageTest -->
    </test> <!-- Test -->
  </suite> <!-- Suite -->
</testng-results>
